14/07/2026 12:53:11 Startup!
14/07/2026 12:53:12 Shutdown!
14/07/2026 12:53:22 Startup!
14/07/2026 12:53:24 Shutdown!
14/07/2026 12:53:26 Startup!
14/07/2026 12:53:31 alex[1] 6
14/07/2026 12:53:34 Shutdown!
14/07/2026 12:53:35 Startup!
14/07/2026 12:53:38 alex[1] 7
14/07/2026 12:53:39 alex[1] 3
14/07/2026 12:53:39 alex[1] 7
14/07/2026 12:53:39 alex[1] 9
14/07/2026 12:53:39 alex[1] 10
14/07/2026 12:53:43 Shutdown!
14/07/2026 12:53:48 Startup!
14/07/2026 12:53:52 alexander[999] 6
14/07/2026 12:54:05 vanya_123[123] 3
14/07/2026 12:54:16 ERROR: malformed request: eltex-v42[0]: how much time do I have?
14/07/2026 12:54:38 denis[0] 4
14/07/2026 12:54:47 Shutdown!
14/07/2026 12:55:08 Startup!
14/07/2026 12:55:11 ERROR: malformed request: eltex-v42[0]: how much time do I have?
14/07/2026 12:55:16 ERROR: malformed request: eltex-v42[0]: how much time do I have?
14/07/2026 12:55:17 ERROR: malformed request: eltex-v42[0]: how much time do I have?
14/07/2026 12:55:25 ERROR: malformed request: sasha[0]: how much time do I have?
14/07/2026 12:55:32 Shutdown!
14/07/2026 12:55:45 Startup!
14/07/2026 12:55:48 ERROR: malformed request: sasha[0]: how much time do I have?
14/07/2026 12:55:51 ERROR: malformed request: eltex-v42[0]: how much time do I have?
14/07/2026 12:55:54 Shutdown!
14/07/2026 12:56:07 Startup!
14/07/2026 12:56:10 sasha[0] 9
14/07/2026 12:59:58 Shutdown!
